<?xml version="1.0" encoding="UTF-8"?>
<!-- Generated by org.testng.reporters.JUnitReportReporter -->
<testsuite skipped="0" hostname="DESKTOP-GJ3I4JJ" name="Seleniumeasy.Test.tests.InpurtCheckBoxTest" tests="1" failures="0" timestamp="02 Jan 2018 14:37:32 GMT" time="0.132" errors="0">
  <testcase name="verify_checkbox" time="0.132" classname="Seleniumeasy.Test.tests.InpurtCheckBoxTest"/>
</testsuite> <!-- Seleniumeasy.Test.tests.InpurtCheckBoxTest -->
